<?xml version="1.0" encoding="UTF-8"?>
<!-- Generated by org.testng.reporters.JUnitReportReporter -->
<testsuite skipped="0" hostname="DESKTOP-RA3EMDM" name="testcases.TC005_DeleteLead" tests="1" failures="0" timestamp="06 Jun 2018 11:32:34 GMT" time="31.922" errors="0">
  <testcase name="deleteLead" time="31.922" classname="testcases.TC005_DeleteLead"/>
</testsuite> <!-- testcases.TC005_DeleteLead -->
