<?xml version="1.0" encoding="UTF-8"?>
<!-- Generated by org.testng.reporters.JUnitReportReporter -->
<testsuite skipped="0" hostname="DESKTOP-RA3EMDM" name="testcases.TC006_DuplicateLead" tests="1" failures="0" timestamp="06 Jun 2018 11:57:57 GMT" time="29.560" errors="0">
  <testcase name="deleteLead" time="29.560" classname="testcases.TC006_DuplicateLead"/>
</testsuite> <!-- testcases.TC006_DuplicateLead -->
