<?xml version="1.0" encoding="UTF-8"?>
<!-- Generated by org.testng.reporters.JUnitReportReporter -->
<testsuite skipped="0" hostname="DESKTOP-RA3EMDM" name="testcases.TC007_MergeLead" tests="1" failures="0" timestamp="07 Jun 2018 08:44:53 GMT" time="34.457" errors="0">
  <testcase name="mergeLead" time="34.457" classname="testcases.TC007_MergeLead"/>
</testsuite> <!-- testcases.TC007_MergeLead -->
